F:\程设\作业\HW3\HW3\DEBUG\HW3.OBJ
F:\程设\作业\HW3\HW3\DEBUG\VC110.PDB
F:\程设\作业\HW3\DEBUG\HW3.ILK
F:\程设\作业\HW3\DEBUG\HW3.EXE
F:\程设\作业\HW3\DEBUG\HW3.PDB
F:\程设\作业\hw3\hw3\Debug\hw3.obj
F:\程设\作业\hw3\hw3\Debug\cl.command.1.tlog
F:\程设\作业\hw3\hw3\Debug\CL.read.1.tlog
F:\程设\作业\hw3\hw3\Debug\CL.write.1.tlog
F:\程设\作业\hw3\hw3\Debug\link-cvtres.read.1.tlog
F:\程设\作业\hw3\hw3\Debug\link-cvtres.write.1.tlog
F:\程设\作业\hw3\hw3\Debug\link-rc.read.1.tlog
F:\程设\作业\hw3\hw3\Debug\link-rc.write.1.tlog
F:\程设\作业\hw3\hw3\Debug\link.command.1.tlog
F:\程设\作业\hw3\hw3\Debug\link.read.1.tlog
F:\程设\作业\hw3\hw3\Debug\link.write.1.tlog
F:\程设\作业\hw3\hw3\Debug\vc110.idb
F:\程设\作业\hw3\hw3\Debug\vc110.pdb
F:\程设\作业\hw3\Debug\hw3.pdb
F:\程设\作业\hw3\Debug\hw3.exe
F:\程设\作业\hw3\Debug\hw3.ilk
